<?xml version="1.0" encoding="UTF-8"?>
<testng-results ignored="0" total="3" passed="3" failed="0" skipped="0">
  <reporter-output>
  </reporter-output>
  <suite started-at="2024-02-03T13:25:26 IST" name="Default suite" finished-at="2024-02-03T13:25:38 IST" duration-ms="11403">
    <groups>
      <group name="cucumber">
        <method signature="AbstractTestNGCucumberTests.runScenario(io.cucumber.testng.PickleWrapper,io.cucumber.testng.FeatureWrapper)[pri:0, instance:runner.GetResourceTests@19e4653c]" name="runScenario" class="io.cucumber.testng.AbstractTestNGCucumberTests"/>
      </group> <!-- cucumber -->
    </groups>
    <test started-at="2024-02-03T13:25:26 IST" name="Default test" finished-at="2024-02-03T13:25:38 IST" duration-ms="11403">
      <class name="runner.GetResourceTests">
        <test-method is-config="true" signature="setUpClass(org.testng.ITestContext)[pri:0, instance:runner.GetResourceTests@19e4653c]" started-at="2024-02-03T13:25:26 IST" name="setUpClass" finished-at="2024-02-03T13:25:27 IST" duration-ms="872" status="PASS">
          <params>
            <param index="0">
              <value>
                <![CDATA[org.testng.TestRunner@4c063cb9]]>
              </value>
            </param>
          </params>
          <reporter-output>
          </reporter-output>
        </test-method> <!-- setUpClass -->
        <test-method signature="runScenario(io.cucumber.testng.PickleWrapper,io.cucumber.testng.FeatureWrapper)[pri:0, instance:runner.GetResourceTests@19e4653c]" started-at="2024-02-03T13:25:27 IST" name="runScenario" description="Runs Cucumber Scenarios" data-provider="scenarios" finished-at="2024-02-03T13:25:31 IST" duration-ms="4224" status="PASS">
          <params>
            <param index="0">
              <value>
                <![CDATA["Validate Getting All Resources"]]>
              </value>
            </param>
            <param index="1">
              <value>
                <![CDATA["Validation of Get Resources API"]]>
              </value>
            </param>
          </params>
          <reporter-output>
          </reporter-output>
        </test-method> <!-- runScenario -->
        <test-method signature="runScenario(io.cucumber.testng.PickleWrapper,io.cucumber.testng.FeatureWrapper)[pri:0, instance:runner.GetResourceTests@19e4653c]" started-at="2024-02-03T13:25:31 IST" name="runScenario" description="Runs Cucumber Scenarios" data-provider="scenarios" finished-at="2024-02-03T13:25:36 IST" duration-ms="4178" status="PASS">
          <params>
            <param index="0">
              <value>
                <![CDATA["Validate Resource details using Get Resources API"]]>
              </value>
            </param>
            <param index="1">
              <value>
                <![CDATA["Validation of Get Resources API"]]>
              </value>
            </param>
          </params>
          <reporter-output>
          </reporter-output>
        </test-method> <!-- runScenario -->
        <test-method signature="runScenario(io.cucumber.testng.PickleWrapper,io.cucumber.testng.FeatureWrapper)[pri:0, instance:runner.GetResourceTests@19e4653c]" started-at="2024-02-03T13:25:36 IST" name="runScenario" description="Runs Cucumber Scenarios" data-provider="scenarios" finished-at="2024-02-03T13:25:38 IST" duration-ms="1997" status="PASS">
          <params>
            <param index="0">
              <value>
                <![CDATA["Validate Resource not found for Invalid Resource id"]]>
              </value>
            </param>
            <param index="1">
              <value>
                <![CDATA["Validation of Get Resources API"]]>
              </value>
            </param>
          </params>
          <reporter-output>
          </reporter-output>
        </test-method> <!-- runScenario -->
        <test-method is-config="true" signature="tearDownClass()[pri:0, instance:runner.GetResourceTests@19e4653c]" started-at="2024-02-03T13:25:38 IST" name="tearDownClass" finished-at="2024-02-03T13:25:38 IST" duration-ms="48" status="PASS">
          <reporter-output>
          </reporter-output>
        </test-method> <!-- tearDownClass -->
      </class> <!-- runner.GetResourceTests -->
    </test> <!-- Default test -->
  </suite> <!-- Default suite -->
</testng-results>
