<?xml version="1.0" encoding="UTF-8"?>
<testng-results ignored="0" total="3" passed="3" failed="0" skipped="0">
  <reporter-output>
  </reporter-output>
  <suite started-at="2024-01-27T23:42:03 IST" name="Default suite" finished-at="2024-01-27T23:42:42 IST" duration-ms="38876">
    <groups>
      <group name="cucumber">
        <method signature="AbstractTestNGCucumberTests.runScenario(io.cucumber.testng.PickleWrapper,io.cucumber.testng.FeatureWrapper)[pri:0, instance:runner.GetUserTests@795509d9]" name="runScenario" class="io.cucumber.testng.AbstractTestNGCucumberTests"/>
      </group> <!-- cucumber -->
    </groups>
    <test started-at="2024-01-27T23:42:03 IST" name="Default test" finished-at="2024-01-27T23:42:42 IST" duration-ms="38876">
      <class name="runner.GetUserTests">
        <test-method is-config="true" signature="setUpClass(org.testng.ITestContext)[pri:0, instance:runner.GetUserTests@795509d9]" started-at="2024-01-27T23:42:03 IST" name="setUpClass" finished-at="2024-01-27T23:42:04 IST" duration-ms="891" status="PASS">
          <params>
            <param index="0">
              <value>
                <![CDATA[org.testng.TestRunner@658e7ead]]>
              </value>
            </param>
          </params>
          <reporter-output>
          </reporter-output>
        </test-method> <!-- setUpClass -->
        <test-method signature="runScenario(io.cucumber.testng.PickleWrapper,io.cucumber.testng.FeatureWrapper)[pri:0, instance:runner.GetUserTests@795509d9]" started-at="2024-01-27T23:42:04 IST" name="runScenario" description="Runs Cucumber Scenarios" data-provider="scenarios" finished-at="2024-01-27T23:42:38 IST" duration-ms="33908" status="PASS">
          <params>
            <param index="0">
              <value>
                <![CDATA["Validate Getting All Users as per Page Number"]]>
              </value>
            </param>
            <param index="1">
              <value>
                <![CDATA["Validation of Get Users API"]]>
              </value>
            </param>
          </params>
          <reporter-output>
          </reporter-output>
        </test-method> <!-- runScenario -->
        <test-method signature="runScenario(io.cucumber.testng.PickleWrapper,io.cucumber.testng.FeatureWrapper)[pri:0, instance:runner.GetUserTests@795509d9]" started-at="2024-01-27T23:42:38 IST" name="runScenario" description="Runs Cucumber Scenarios" data-provider="scenarios" finished-at="2024-01-27T23:42:41 IST" duration-ms="2541" status="PASS">
          <params>
            <param index="0">
              <value>
                <![CDATA["Validate User details using Get Users API"]]>
              </value>
            </param>
            <param index="1">
              <value>
                <![CDATA["Validation of Get Users API"]]>
              </value>
            </param>
          </params>
          <reporter-output>
          </reporter-output>
        </test-method> <!-- runScenario -->
        <test-method signature="runScenario(io.cucumber.testng.PickleWrapper,io.cucumber.testng.FeatureWrapper)[pri:0, instance:runner.GetUserTests@795509d9]" started-at="2024-01-27T23:42:41 IST" name="runScenario" description="Runs Cucumber Scenarios" data-provider="scenarios" finished-at="2024-01-27T23:42:42 IST" duration-ms="1395" status="PASS">
          <params>
            <param index="0">
              <value>
                <![CDATA["Validate User not found for Invalid user"]]>
              </value>
            </param>
            <param index="1">
              <value>
                <![CDATA["Validation of Get Users API"]]>
              </value>
            </param>
          </params>
          <reporter-output>
          </reporter-output>
        </test-method> <!-- runScenario -->
        <test-method is-config="true" signature="tearDownClass()[pri:0, instance:runner.GetUserTests@795509d9]" started-at="2024-01-27T23:42:42 IST" name="tearDownClass" finished-at="2024-01-27T23:42:42 IST" duration-ms="48" status="PASS">
          <reporter-output>
          </reporter-output>
        </test-method> <!-- tearDownClass -->
      </class> <!-- runner.GetUserTests -->
    </test> <!-- Default test -->
  </suite> <!-- Default suite -->
</testng-results>
